[debug] [2020-12-12T03:48:30.471Z] ----------------------------------------------------------------------
[debug] [2020-12-12T03:48:30.473Z] Command:       C:\Program Files\nodejs\node.exe C:\Users\ander\AppData\Roaming\npm\node_modules\firebase-tools\lib\bin\firebase.js login
[debug] [2020-12-12T03:48:30.473Z] CLI Version:   7.7.0
[debug] [2020-12-12T03:48:30.473Z] Platform:      win32
[debug] [2020-12-12T03:48:30.473Z] Node Version:  v10.16.3
[debug] [2020-12-12T03:48:30.474Z] Time:          Fri Dec 11 2020 22:48:30 GMT-0500 (GMT-05:00)
[debug] [2020-12-12T03:48:30.474Z] ----------------------------------------------------------------------
[debug] [2020-12-12T03:48:30.474Z] 
[info] i  Firebase optionally collects CLI usage and error reporting information to help improve our products. Data is collected in accordance with Google's privacy policy (https://policies.google.com/privacy) and is not used to identify you.

[debug] [2020-12-12T03:48:53.284Z] ----------------------------------------------------------------------
[debug] [2020-12-12T03:48:53.286Z] Command:       C:\Program Files\nodejs\node.exe C:\Users\ander\AppData\Roaming\npm\node_modules\firebase-tools\lib\bin\firebase.js init
[debug] [2020-12-12T03:48:53.286Z] CLI Version:   7.7.0
[debug] [2020-12-12T03:48:53.286Z] Platform:      win32
[debug] [2020-12-12T03:48:53.286Z] Node Version:  v10.16.3
[debug] [2020-12-12T03:48:53.287Z] Time:          Fri Dec 11 2020 22:48:53 GMT-0500 (GMT-05:00)
[debug] [2020-12-12T03:48:53.287Z] ----------------------------------------------------------------------
[debug] [2020-12-12T03:48:53.287Z] 
[debug] [2020-12-12T03:48:53.295Z] > command requires scopes: ["email","openid","https://www.googleapis.com/auth/cloudplatformprojects.readonly","https://www.googleapis.com/auth/firebase","https://www.googleapis.com/auth/cloud-platform"]
[debug] [2020-12-12T03:48:53.296Z] > attempting to authenticate via app default credentials
[debug] [2020-12-12T03:48:53.349Z] ! auto-auth error: Could not load the default credentials. Browse to https://developers.google.com/accounts/docs/application-default-credentials for more information.
[debug] [2020-12-12T03:48:53.350Z] > no credentials could be found or automatically retrieved
[error] 
[error] Error: Command requires authentication, please run firebase login
